fair linear dt
dict_keys(['z', 'w', 'x'])
dict_keys(['z', 'x', 'w'])
fair linear LR
dict_keys(['z', 'w', 'x'])
dict_keys(['z', 'x', 'w'])
fair linear dt
dict_keys(['z', 'x', 'w'])
dict_keys(['z', 'x', 'w'])
fair linear mlp
dict_keys(['z', 'x', 'w'])
dict_keys(['z', 'x', 'w'])
fair linear LR
dict_keys(['w', 'z', 'x'])
dict_keys(['z', 'x', 'w'])
fair linear mlp
dict_keys(['z', 'x', 'w'])
dict_keys(['z', 'x', 'w'])
fair nonlinear dt
dict_keys(['x', 'w', 'z'])
dict_keys(['z', 'x', 'w'])
fair nonlinear LR
dict_keys(['w', 'x', 'z'])
dict_keys(['z', 'x', 'w'])
fair nonlinear dt
dict_keys(['x', 'z', 'w'])
dict_keys(['z', 'x', 'w'])
fair nonlinear mlp
dict_keys(['z', 'x', 'w'])
dict_keys(['z', 'x', 'w'])
fair nonlinear LR
dict_keys(['w', 'x', 'z'])
dict_keys(['z', 'x', 'w'])
fair nonlinear mlp
dict_keys(['z', 'x', 'w'])
dict_keys(['z', 'x', 'w'])
unfair linear dt
dict_keys(['z', 'w', 'x'])
dict_keys(['z', 'x', 'w'])
unfair linear LR
dict_keys(['z', 'w', 'x'])
dict_keys(['z', 'x', 'w'])
unfair linear dt
dict_keys(['z', 'w', 'x'])
dict_keys(['z', 'x', 'w'])
unfair linear mlp
dict_keys(['x', 'z', 'w'])
dict_keys(['z', 'x', 'w'])
unfair linear LR
dict_keys(['z', 'x', 'w'])
dict_keys(['z', 'x', 'w'])
unfair linear mlp
dict_keys(['w', 'x', 'z'])
dict_keys(['z', 'x', 'w'])
unfair nonlinear dt
dict_keys(['z', 'x', 'w'])
dict_keys(['z', 'x', 'w'])
unfair nonlinear LR
dict_keys(['w', 'z', 'x'])
dict_keys(['z', 'x', 'w'])
unfair nonlinear dt
dict_keys(['z', 'x', 'w'])
dict_keys(['z', 'x', 'w'])
unfair nonlinear mlp
